[update]20161214 in PC
Install sublime3 in windows
setting:
    font-size:10
    fonr-face:Ubuntu-Mono
plugin:
    1. Install package - install the packages with 'ctrl+shift+p'
    2. ConvertToUTF8 - convert the file to utf8 encoding
    3. SublimeLinter - spelling check
    4. SidebarEnhancement - enhance the function of sidebar,such as new a  file 
    5. TrailingSpace - show remove redundant spaces, and remove then in a flash by shortcut 'ctrl+shift+t' 
    6. SublimeTmpl - set template for program files, such as 'ctrl + alt + p' to create a new .php file
                   - need config in detail, especailly the python, shell, java file
    7. Pretty Json - format the json file, default shortcut is 'ctrl + alt + j'
    8. git - git for sublime
    9. Alignment - alignment for sublime, default shortcut id 'ctrl + alt + a'
    10. colorSublime - preview theme
Main configs:
    tab_size: 2
    font_size: 11
    font_face: spouce code pro(consolas or Menlo or DejaVu Sans Mono)
    color_schema: Solarized Dark(Monokai or Tomorrow Night) 
    theme: Soda Dark
    others: see \packages\User\Perferences.sublime-settings
    
Note: i copy the dir "C:\Users\canonxu\appData\Roaming\Sublime Text 3" to my github and rename as sublimeCnf, just copy this dir to the new computer(remember to remove the seesion under Local/), then all configs and plugins will work
